Full_Body_IK_Kaz/Intermediate/Android/arm64/gradle/downloader_library/build/intermediates/manifest_merge_blame_file/debug/manifest-merger-blame-debug-report.txt
1<?xml version="1.0" encoding="utf-8"?>
2<manifest xmlns:android="http://schemas.android.com/apk/res/android"
3    package="com.android.vending.expansion.downloader"
4    android:versionCode="2"
5    android:versionName="1.1" >
6
7    <uses-sdk
8        android:minSdkVersion="4"
8-->src\main\AndroidManifest.xml
9        android:targetSdkVersion="15" />
9-->src\main\AndroidManifest.xml
10
11</manifest>